<?xml version="1.0" encoding="UTF-8"?>
<!-- Generated by org.testng.reporters.JUnitXMLReporter -->
<testsuite ignored="2" hostname="LAPTOP-6QBHOLHT" failures="0" tests="1" name="Default test" time="53.681" errors="0" timestamp="2023-07-21T20:13:57 IST">
  <testcase classname="com.Demo.testCase.Tc_loginTest" name="loginTestWithValideCerdential" time="6.117"/>
  <testcase classname="com.Demo.testCase.Tc_loginTest" name="loginTestWithInValideCerdentials" time="0.0">
    <ignored/>
  </testcase> <!-- loginTestWithInValideCerdentials -->
  <testcase classname="com.Demo.testCase.Tc_loginTest" name="loginTestWithNoCerdential" time="0.0">
    <ignored/>
  </testcase> <!-- loginTestWithNoCerdential -->
</testsuite> <!-- Default test -->
