<?xml version="1.0" encoding="UTF-8"?>
<testng-results ignored="0" total="1" passed="1" failed="0" skipped="0">
  <reporter-output>
  </reporter-output>
  <suite started-at="2023-07-21T20:13:03 IST" name="Default suite" finished-at="2023-07-21T20:13:57 IST" duration-ms="53681">
    <groups>
    </groups>
    <test started-at="2023-07-21T20:13:03 IST" name="Default test" finished-at="2023-07-21T20:13:57 IST" duration-ms="53681">
      <class name="com.Demo.testCase.Tc_loginTest">
        <test-method is-config="true" signature="browser()[pri:0, instance:com.Demo.testCase.Tc_loginTest@663c9e7a]" started-at="2023-07-21T20:13:03 IST" name="browser" finished-at="2023-07-21T20:13:51 IST" duration-ms="47289" status="PASS">
          <reporter-output>
          </reporter-output>
        </test-method> <!-- browser -->
        <test-method signature="loginTestWithValideCerdential()[pri:1, instance:com.Demo.testCase.Tc_loginTest@663c9e7a]" started-at="2023-07-21T20:13:51 IST" name="loginTestWithValideCerdential" finished-at="2023-07-21T20:13:57 IST" duration-ms="6117" status="PASS">
          <reporter-output>
          </reporter-output>
        </test-method> <!-- loginTestWithValideCerdential -->
        <test-method is-config="true" signature="teardown()[pri:0, instance:com.Demo.testCase.Tc_loginTest@663c9e7a]" started-at="2023-07-21T20:13:57 IST" name="teardown" finished-at="2023-07-21T20:13:57 IST" duration-ms="241" status="PASS">
          <reporter-output>
          </reporter-output>
        </test-method> <!-- teardown -->
      </class> <!-- com.Demo.testCase.Tc_loginTest -->
    </test> <!-- Default test -->
  </suite> <!-- Default suite -->
</testng-results>
